<?xml version="1.0" encoding="UTF-8"?>
<!-- Generated by org.testng.reporters.JUnitReportReporter -->
<testsuite skipped="0" hostname="MAVBCP2000" name="salesforceautomation.EditOpportunity" tests="1" failures="0" timestamp="2021-06-05T16:22:01 IST" time="387.288" errors="0">
  <testcase name="Editopp" time="387.288" classname="salesforceautomation.EditOpportunity"/>
  <system-out/>
</testsuite> <!-- salesforceautomation.EditOpportunity -->
