<?xml version="1.0" encoding="UTF-8"?>
<!-- Generated by org.testng.reporters.JUnitReportReporter -->
<testsuite skipped="0" hostname="MAVBCP2000" name="salesforceautomation.DeleteOpportunity" tests="1" failures="0" timestamp="2021-06-05T16:22:01 IST" time="256.619" errors="0">
  <testcase name="deleteopprtunity" time="256.619" classname="salesforceautomation.DeleteOpportunity"/>
  <system-out/>
</testsuite> <!-- salesforceautomation.DeleteOpportunity -->
